<?xml version="1.0" encoding="UTF-8"?>
<testng-results skipped="0" failed="0" ignored="0" total="1" passed="1">
  <reporter-output>
  </reporter-output>
  <suite name="Default suite" duration-ms="6224" started-at="2018-07-19T19:23:04Z" finished-at="2018-07-19T19:23:10Z">
    <groups>
    </groups>
    <test name="Default test" duration-ms="6224" started-at="2018-07-19T19:23:04Z" finished-at="2018-07-19T19:23:10Z">
      <class name="com.journeys.testsuite.SignupTestsuite">
        <test-method status="PASS" signature="setup()[pri:0, instance:com.journeys.testsuite.SignupTestsuite@4bec1f0c]" name="setup" is-config="true" duration-ms="16752" started-at="2018-07-19T19:22:47Z" finished-at="2018-07-19T19:23:04Z">
          <reporter-output>
          </reporter-output>
        </test-method> <!-- setup -->
        <test-method status="PASS" signature="beforeTest()[pri:0, instance:com.journeys.testsuite.SignupTestsuite@4bec1f0c]" name="beforeTest" is-config="true" duration-ms="9" started-at="2018-07-19T19:23:04Z" finished-at="2018-07-19T19:23:04Z">
          <reporter-output>
          </reporter-output>
        </test-method> <!-- beforeTest -->
        <test-method status="PASS" signature="f()[pri:0, instance:com.journeys.testsuite.SignupTestsuite@4bec1f0c]" name="f" duration-ms="6172" started-at="2018-07-19T19:23:04Z" finished-at="2018-07-19T19:23:10Z">
          <reporter-output>
          </reporter-output>
        </test-method> <!-- f -->
        <test-method status="PASS" signature="afterTest()[pri:0, instance:com.journeys.testsuite.SignupTestsuite@4bec1f0c]" name="afterTest" is-config="true" duration-ms="0" started-at="2018-07-19T19:23:10Z" finished-at="2018-07-19T19:23:10Z">
          <reporter-output>
          </reporter-output>
        </test-method> <!-- afterTest -->
        <test-method status="PASS" signature="teardown()[pri:0, instance:com.journeys.testsuite.SignupTestsuite@4bec1f0c]" name="teardown" is-config="true" duration-ms="16389" started-at="2018-07-19T19:23:12Z" finished-at="2018-07-19T19:23:28Z">
          <reporter-output>
          </reporter-output>
        </test-method> <!-- teardown -->
      </class> <!-- com.journeys.testsuite.SignupTestsuite -->
    </test> <!-- Default test -->
  </suite> <!-- Default suite -->
</testng-results>
