<?xml version="1.0" encoding="UTF-8"?>
<!-- Generated by org.testng.reporters.JUnitXMLReporter -->
<testsuite ignored="0" hostname="Manohar" failures="0" tests="3" name="Command line test" time="0.027" errors="0" timestamp="19 Jul 2018 16:45:13 GMT">
  <testcase classname="com.utilities.NewTest" name="f" time="0.001"/>
  <testcase classname="com.utilities.Tests11" name="f" time="0.0"/>
  <testcase classname="com.utilities.Tests11" name="f2" time="0.0"/>
</testsuite> <!-- Command line test -->
